0 info it worked if it ends with ok
1 verbose cli [ '/usr/bin/nodejs', '/usr/bin/npm', 'i', 'node@lts' ]
2 info using npm@3.5.2
3 info using node@v4.2.6
4 silly loadCurrentTree Starting
5 silly install loadCurrentTree
6 silly install readLocalPackageData
7 silly fetchPackageMetaData node@lts
8 silly fetchNamedPackageData node
9 silly mapToRegistry name node
10 silly mapToRegistry using default registry
11 silly mapToRegistry registry https://registry.npmjs.org/
12 silly mapToRegistry uri https://registry.npmjs.org/node
13 verbose request uri https://registry.npmjs.org/node
14 verbose request no auth needed
15 info attempt registry request try #1 at 5:00:13 PM
16 verbose request id 33ddcd0180d5db82
17 verbose etag "5a9066f6-5455b"
18 verbose lastModified Fri, 23 Feb 2018 19:09:42 GMT
19 http request GET https://registry.npmjs.org/node
20 http 304 https://registry.npmjs.org/node
21 verbose headers { date: 'Sun, 25 Feb 2018 23:00:16 GMT',
21 verbose headers   via: '1.1 varnish',
21 verbose headers   'cache-control': 'max-age=300',
21 verbose headers   etag: '"5a9066f6-5455b"',
21 verbose headers   age: '10836',
21 verbose headers   connection: 'keep-alive',
21 verbose headers   'x-served-by': 'cache-dfw18641-DFW',
21 verbose headers   'x-cache': 'HIT',
21 verbose headers   'x-cache-hits': '1',
21 verbose headers   'x-timer': 'S1519599616.042412,VS0,VE3',
21 verbose headers   vary: 'Accept-Encoding, Accept' }
22 silly get cb [ 304,
22 silly get   { date: 'Sun, 25 Feb 2018 23:00:16 GMT',
22 silly get     via: '1.1 varnish',
22 silly get     'cache-control': 'max-age=300',
22 silly get     etag: '"5a9066f6-5455b"',
22 silly get     age: '10836',
22 silly get     connection: 'keep-alive',
22 silly get     'x-served-by': 'cache-dfw18641-DFW',
22 silly get     'x-cache': 'HIT',
22 silly get     'x-cache-hits': '1',
22 silly get     'x-timer': 'S1519599616.042412,VS0,VE3',
22 silly get     vary: 'Accept-Encoding, Accept' } ]
23 verbose etag https://registry.npmjs.org/node from cache
24 verbose get saving node to /home/greenfox/.npm/registry.npmjs.org/node/.cache.json
25 silly install normalizeTree
26 silly loadCurrentTree Finishing
27 silly loadIdealTree Starting
28 silly install loadIdealTree
29 silly cloneCurrentTree Starting
30 silly install cloneCurrentTreeToIdealTree
31 silly cloneCurrentTree Finishing
32 silly loadShrinkwrap Starting
33 silly install loadShrinkwrap
34 silly loadShrinkwrap Finishing
35 silly loadAllDepsIntoIdealTree Starting
36 silly install loadAllDepsIntoIdealTree
37 silly resolveWithNewModule node@8.9.4 checking installable status
38 silly cache add args [ 'node@lts', null ]
39 verbose cache add spec node@lts
40 silly cache add parsed spec Result {
40 silly cache add   raw: 'node@lts',
40 silly cache add   scope: null,
40 silly cache add   name: 'node',
40 silly cache add   rawSpec: 'lts',
40 silly cache add   spec: 'lts',
40 silly cache add   type: 'tag' }
41 silly addNamed node@lts
42 verbose addNamed "lts" is being treated as a dist-tag for node
43 info addNameTag [ 'node', 'lts' ]
44 silly mapToRegistry name node
45 silly mapToRegistry using default registry
46 silly mapToRegistry registry https://registry.npmjs.org/
47 silly mapToRegistry uri https://registry.npmjs.org/node
48 verbose addNameTag registry:https://registry.npmjs.org/node not in flight; fetching
49 verbose get https://registry.npmjs.org/node not expired, no request
50 silly addNameTag next cb for node with tag lts
51 silly addNamed node@8.9.4
52 verbose addNamed "8.9.4" is a plain semver version for node
53 silly cache afterAdd node@8.9.4
54 verbose afterAdd /home/greenfox/.npm/node/8.9.4/package/package.json not in flight; writing
55 verbose afterAdd /home/greenfox/.npm/node/8.9.4/package/package.json written
56 silly fetchNamedPackageData node-bin-setup
57 silly mapToRegistry name node-bin-setup
58 silly mapToRegistry using default registry
59 silly mapToRegistry registry https://registry.npmjs.org/
60 silly mapToRegistry uri https://registry.npmjs.org/node-bin-setup
61 verbose request uri https://registry.npmjs.org/node-bin-setup
62 verbose request no auth needed
63 info attempt registry request try #1 at 5:00:14 PM
64 verbose etag "5976bbea-1511"
65 verbose lastModified Tue, 25 Jul 2017 3:32:58 GMT
66 http request GET https://registry.npmjs.org/node-bin-setup
67 http 304 https://registry.npmjs.org/node-bin-setup
68 verbose headers { date: 'Sun, 25 Feb 2018 23:00:16 GMT',
68 verbose headers   via: '1.1 varnish',
68 verbose headers   'cache-control': 'max-age=300',
68 verbose headers   etag: '"5976bbea-1511"',
68 verbose headers   age: '10834',
68 verbose headers   connection: 'keep-alive',
68 verbose headers   'x-served-by': 'cache-dfw18637-DFW',
68 verbose headers   'x-cache': 'HIT',
68 verbose headers   'x-cache-hits': '1',
68 verbose headers   'x-timer': 'S1519599616.499103,VS0,VE1',
68 verbose headers   vary: 'Accept-Encoding, Accept' }
69 silly get cb [ 304,
69 silly get   { date: 'Sun, 25 Feb 2018 23:00:16 GMT',
69 silly get     via: '1.1 varnish',
69 silly get     'cache-control': 'max-age=300',
69 silly get     etag: '"5976bbea-1511"',
69 silly get     age: '10834',
69 silly get     connection: 'keep-alive',
69 silly get     'x-served-by': 'cache-dfw18637-DFW',
69 silly get     'x-cache': 'HIT',
69 silly get     'x-cache-hits': '1',
69 silly get     'x-timer': 'S1519599616.499103,VS0,VE1',
69 silly get     vary: 'Accept-Encoding, Accept' } ]
70 verbose etag https://registry.npmjs.org/node-bin-setup from cache
71 verbose get saving node-bin-setup to /home/greenfox/.npm/registry.npmjs.org/node-bin-setup/.cache.json
72 silly resolveWithNewModule node-bin-setup@1.0.6 checking installable status
73 silly cache add args [ 'node-bin-setup@^1.0.0', null ]
74 verbose cache add spec node-bin-setup@^1.0.0
75 silly cache add parsed spec Result {
75 silly cache add   raw: 'node-bin-setup@^1.0.0',
75 silly cache add   scope: null,
75 silly cache add   name: 'node-bin-setup',
75 silly cache add   rawSpec: '^1.0.0',
75 silly cache add   spec: '>=1.0.0 <2.0.0',
75 silly cache add   type: 'range' }
76 silly addNamed node-bin-setup@>=1.0.0 <2.0.0
77 verbose addNamed ">=1.0.0 <2.0.0" is a valid semver range for node-bin-setup
78 silly addNameRange { name: 'node-bin-setup',
78 silly addNameRange   range: '>=1.0.0 <2.0.0',
78 silly addNameRange   hasData: false }
79 silly mapToRegistry name node-bin-setup
80 silly mapToRegistry using default registry
81 silly mapToRegistry registry https://registry.npmjs.org/
82 silly mapToRegistry uri https://registry.npmjs.org/node-bin-setup
83 verbose addNameRange registry:https://registry.npmjs.org/node-bin-setup not in flight; fetching
84 verbose get https://registry.npmjs.org/node-bin-setup not expired, no request
85 silly addNameRange number 2 { name: 'node-bin-setup',
85 silly addNameRange   range: '>=1.0.0 <2.0.0',
85 silly addNameRange   hasData: true }
86 silly addNameRange versions [ 'node-bin-setup',
86 silly addNameRange   [ '1.0.0', '1.0.1', '1.0.2', '1.0.3', '1.0.4', '1.0.6' ] ]
87 silly addNamed node-bin-setup@1.0.6
88 verbose addNamed "1.0.6" is a plain semver version for node-bin-setup
89 silly cache afterAdd node-bin-setup@1.0.6
90 verbose afterAdd /home/greenfox/.npm/node-bin-setup/1.0.6/package/package.json not in flight; writing
91 verbose afterAdd /home/greenfox/.npm/node-bin-setup/1.0.6/package/package.json written
92 silly loadAllDepsIntoIdealTree Finishing
93 silly idealTree:prePrune monitor@0.2.0
93 silly idealTree:prePrune ├── accepts@1.3.4
93 silly idealTree:prePrune ├── array-flatten@1.1.1
93 silly idealTree:prePrune ├── body-parser@1.18.2
93 silly idealTree:prePrune ├── bytes@3.0.0
93 silly idealTree:prePrune ├── content-disposition@0.5.2
93 silly idealTree:prePrune ├── content-type@1.0.4
93 silly idealTree:prePrune ├── cookie-signature@1.0.6
93 silly idealTree:prePrune ├── cookie@0.3.1
93 silly idealTree:prePrune ├── debug@2.6.9
93 silly idealTree:prePrune ├── depd@1.1.2
93 silly idealTree:prePrune ├── destroy@1.0.4
93 silly idealTree:prePrune ├── ee-first@1.1.1
93 silly idealTree:prePrune ├── encodeurl@1.0.2
93 silly idealTree:prePrune ├── escape-html@1.0.3
93 silly idealTree:prePrune ├── etag@1.8.1
93 silly idealTree:prePrune ├── express@4.16.2
93 silly idealTree:prePrune ├── finalhandler@1.1.0
93 silly idealTree:prePrune ├── forwarded@0.1.2
93 silly idealTree:prePrune ├── fresh@0.5.2
93 silly idealTree:prePrune ├─┬ http-errors@1.6.2
93 silly idealTree:prePrune │ ├── depd@1.1.1
93 silly idealTree:prePrune │ └── setprototypeof@1.0.3
93 silly idealTree:prePrune ├── iconv-lite@0.4.19
93 silly idealTree:prePrune ├── inherits@2.0.3
93 silly idealTree:prePrune ├── ipaddr.js@1.6.0
93 silly idealTree:prePrune ├── media-typer@0.3.0
93 silly idealTree:prePrune ├── merge-descriptors@1.0.1
93 silly idealTree:prePrune ├── methods@1.1.2
93 silly idealTree:prePrune ├── mime-db@1.33.0
93 silly idealTree:prePrune ├── mime-types@2.1.18
93 silly idealTree:prePrune ├── mime@1.4.1
93 silly idealTree:prePrune ├── ms@2.0.0
93 silly idealTree:prePrune ├── negotiator@0.6.1
93 silly idealTree:prePrune ├── node-bin-setup@1.0.6
93 silly idealTree:prePrune ├── node@8.9.4
93 silly idealTree:prePrune ├── on-finished@2.3.0
93 silly idealTree:prePrune ├── parseurl@1.3.2
93 silly idealTree:prePrune ├── path-to-regexp@0.1.7
93 silly idealTree:prePrune ├── proxy-addr@2.0.3
93 silly idealTree:prePrune ├── qs@6.5.1
93 silly idealTree:prePrune ├── range-parser@1.2.0
93 silly idealTree:prePrune ├── raw-body@2.3.2
93 silly idealTree:prePrune ├── safe-buffer@5.1.1
93 silly idealTree:prePrune ├── send@0.16.1
93 silly idealTree:prePrune ├── serve-static@1.13.1
93 silly idealTree:prePrune ├── setprototypeof@1.1.0
93 silly idealTree:prePrune ├── statuses@1.3.1
93 silly idealTree:prePrune ├── type-is@1.6.16
93 silly idealTree:prePrune ├── unpipe@1.0.0
93 silly idealTree:prePrune ├── utils-merge@1.0.1
93 silly idealTree:prePrune └── vary@1.1.2
94 silly loadIdealTree Finishing
95 silly currentTree monitor@0.2.0
95 silly currentTree ├── accepts@1.3.4
95 silly currentTree ├── array-flatten@1.1.1
95 silly currentTree ├── body-parser@1.18.2
95 silly currentTree ├── bytes@3.0.0
95 silly currentTree ├── content-disposition@0.5.2
95 silly currentTree ├── content-type@1.0.4
95 silly currentTree ├── cookie-signature@1.0.6
95 silly currentTree ├── cookie@0.3.1
95 silly currentTree ├── debug@2.6.9
95 silly currentTree ├── depd@1.1.2
95 silly currentTree ├── destroy@1.0.4
95 silly currentTree ├── ee-first@1.1.1
95 silly currentTree ├── encodeurl@1.0.2
95 silly currentTree ├── escape-html@1.0.3
95 silly currentTree ├── etag@1.8.1
95 silly currentTree ├── express@4.16.2
95 silly currentTree ├── finalhandler@1.1.0
95 silly currentTree ├── forwarded@0.1.2
95 silly currentTree ├── fresh@0.5.2
95 silly currentTree ├─┬ http-errors@1.6.2
95 silly currentTree │ ├── depd@1.1.1
95 silly currentTree │ └── setprototypeof@1.0.3
95 silly currentTree ├── iconv-lite@0.4.19
95 silly currentTree ├── inherits@2.0.3
95 silly currentTree ├── ipaddr.js@1.6.0
95 silly currentTree ├── media-typer@0.3.0
95 silly currentTree ├── merge-descriptors@1.0.1
95 silly currentTree ├── methods@1.1.2
95 silly currentTree ├── mime-db@1.33.0
95 silly currentTree ├── mime-types@2.1.18
95 silly currentTree ├── mime@1.4.1
95 silly currentTree ├── ms@2.0.0
95 silly currentTree ├── negotiator@0.6.1
95 silly currentTree ├── on-finished@2.3.0
95 silly currentTree ├── parseurl@1.3.2
95 silly currentTree ├── path-to-regexp@0.1.7
95 silly currentTree ├── proxy-addr@2.0.3
95 silly currentTree ├── qs@6.5.1
95 silly currentTree ├── range-parser@1.2.0
95 silly currentTree ├── raw-body@2.3.2
95 silly currentTree ├── safe-buffer@5.1.1
95 silly currentTree ├── send@0.16.1
95 silly currentTree ├── serve-static@1.13.1
95 silly currentTree ├── setprototypeof@1.1.0
95 silly currentTree ├── statuses@1.3.1
95 silly currentTree ├── type-is@1.6.16
95 silly currentTree ├── unpipe@1.0.0
95 silly currentTree ├── utils-merge@1.0.1
95 silly currentTree └── vary@1.1.2
96 silly idealTree monitor@0.2.0
96 silly idealTree ├── accepts@1.3.4
96 silly idealTree ├── array-flatten@1.1.1
96 silly idealTree ├── body-parser@1.18.2
96 silly idealTree ├── bytes@3.0.0
96 silly idealTree ├── content-disposition@0.5.2
96 silly idealTree ├── content-type@1.0.4
96 silly idealTree ├── cookie-signature@1.0.6
96 silly idealTree ├── cookie@0.3.1
96 silly idealTree ├── debug@2.6.9
96 silly idealTree ├── depd@1.1.2
96 silly idealTree ├── destroy@1.0.4
96 silly idealTree ├── ee-first@1.1.1
96 silly idealTree ├── encodeurl@1.0.2
96 silly idealTree ├── escape-html@1.0.3
96 silly idealTree ├── etag@1.8.1
96 silly idealTree ├── express@4.16.2
96 silly idealTree ├── finalhandler@1.1.0
96 silly idealTree ├── forwarded@0.1.2
96 silly idealTree ├── fresh@0.5.2
96 silly idealTree ├─┬ http-errors@1.6.2
96 silly idealTree │ ├── depd@1.1.1
96 silly idealTree │ └── setprototypeof@1.0.3
96 silly idealTree ├── iconv-lite@0.4.19
96 silly idealTree ├── inherits@2.0.3
96 silly idealTree ├── ipaddr.js@1.6.0
96 silly idealTree ├── media-typer@0.3.0
96 silly idealTree ├── merge-descriptors@1.0.1
96 silly idealTree ├── methods@1.1.2
96 silly idealTree ├── mime-db@1.33.0
96 silly idealTree ├── mime-types@2.1.18
96 silly idealTree ├── mime@1.4.1
96 silly idealTree ├── ms@2.0.0
96 silly idealTree ├── negotiator@0.6.1
96 silly idealTree ├── node-bin-setup@1.0.6
96 silly idealTree ├── node@8.9.4
96 silly idealTree ├── on-finished@2.3.0
96 silly idealTree ├── parseurl@1.3.2
96 silly idealTree ├── path-to-regexp@0.1.7
96 silly idealTree ├── proxy-addr@2.0.3
96 silly idealTree ├── qs@6.5.1
96 silly idealTree ├── range-parser@1.2.0
96 silly idealTree ├── raw-body@2.3.2
96 silly idealTree ├── safe-buffer@5.1.1
96 silly idealTree ├── send@0.16.1
96 silly idealTree ├── serve-static@1.13.1
96 silly idealTree ├── setprototypeof@1.1.0
96 silly idealTree ├── statuses@1.3.1
96 silly idealTree ├── type-is@1.6.16
96 silly idealTree ├── unpipe@1.0.0
96 silly idealTree ├── utils-merge@1.0.1
96 silly idealTree └── vary@1.1.2
97 silly generateActionsToTake Starting
98 silly install generateActionsToTake
99 silly generateActionsToTake Finishing
100 silly diffTrees action count 2
101 silly diffTrees add node-bin-setup@1.0.6
102 silly diffTrees add node@8.9.4
103 silly decomposeActions action count 16
104 silly decomposeActions fetch node-bin-setup@1.0.6
105 silly decomposeActions extract node-bin-setup@1.0.6
106 silly decomposeActions test node-bin-setup@1.0.6
107 silly decomposeActions preinstall node-bin-setup@1.0.6
108 silly decomposeActions build node-bin-setup@1.0.6
109 silly decomposeActions install node-bin-setup@1.0.6
110 silly decomposeActions postinstall node-bin-setup@1.0.6
111 silly decomposeActions finalize node-bin-setup@1.0.6
112 silly decomposeActions fetch node@8.9.4
113 silly decomposeActions extract node@8.9.4
114 silly decomposeActions test node@8.9.4
115 silly decomposeActions preinstall node@8.9.4
116 silly decomposeActions build node@8.9.4
117 silly decomposeActions install node@8.9.4
118 silly decomposeActions postinstall node@8.9.4
119 silly decomposeActions finalize node@8.9.4
120 silly executeActions Starting
121 silly install executeActions
122 silly doSerial global-install 0
123 silly doParallel fetch 2
124 verbose lock using /home/greenfox/.npm/_locks/staging-f5af172b2e74079b.lock for /mnt/c/Users/greenfox/Projects/ZombieJerkyMonitor/node_modules/.staging
125 silly doParallel extract 2
126 silly extract node-bin-setup@1.0.6
127 silly extract node@8.9.4
128 verbose unbuild node_modules/.staging/node-bin-setup-0ef2f3ee
129 verbose unbuild node_modules/.staging/node-e2f3b20e
130 silly gentlyRm /mnt/c/Users/greenfox/Projects/ZombieJerkyMonitor/node_modules/.staging/node-bin-setup-0ef2f3ee is being purged from base /mnt/c/Users/greenfox/Projects/ZombieJerkyMonitor
131 verbose gentlyRm don't care about contents; nuking /mnt/c/Users/greenfox/Projects/ZombieJerkyMonitor/node_modules/.staging/node-bin-setup-0ef2f3ee
132 verbose tar unpack /home/greenfox/.npm/node-bin-setup/1.0.6/package.tgz
133 verbose tar unpacking to /mnt/c/Users/greenfox/Projects/ZombieJerkyMonitor/node_modules/.staging/node-bin-setup-0ef2f3ee
134 silly gentlyRm /mnt/c/Users/greenfox/Projects/ZombieJerkyMonitor/node_modules/.staging/node-bin-setup-0ef2f3ee is being purged
135 verbose gentlyRm don't care about contents; nuking /mnt/c/Users/greenfox/Projects/ZombieJerkyMonitor/node_modules/.staging/node-bin-setup-0ef2f3ee
136 silly gentlyRm /mnt/c/Users/greenfox/Projects/ZombieJerkyMonitor/node_modules/.staging/node-e2f3b20e is being purged from base /mnt/c/Users/greenfox/Projects/ZombieJerkyMonitor
137 verbose gentlyRm don't care about contents; nuking /mnt/c/Users/greenfox/Projects/ZombieJerkyMonitor/node_modules/.staging/node-e2f3b20e
138 silly gunzTarPerm modes [ '777', '666' ]
139 verbose tar unpack /home/greenfox/.npm/node/8.9.4/package.tgz
140 verbose tar unpacking to /mnt/c/Users/greenfox/Projects/ZombieJerkyMonitor/node_modules/.staging/node-e2f3b20e
141 silly gentlyRm /mnt/c/Users/greenfox/Projects/ZombieJerkyMonitor/node_modules/.staging/node-e2f3b20e is being purged
142 verbose gentlyRm don't care about contents; nuking /mnt/c/Users/greenfox/Projects/ZombieJerkyMonitor/node_modules/.staging/node-e2f3b20e
143 silly gunzTarPerm modes [ '777', '666' ]
144 silly gunzTarPerm extractEntry package.json
145 silly gunzTarPerm modified mode [ 'package.json', 420, 438 ]
146 silly gunzTarPerm extractEntry package.json
147 silly gunzTarPerm modified mode [ 'package.json', 420, 438 ]
148 silly gunzTarPerm extractEntry index.js
149 silly gunzTarPerm modified mode [ 'index.js', 420, 438 ]
150 silly gunzTarPerm extractEntry installArchSpecificPackage.js
151 silly gunzTarPerm modified mode [ 'installArchSpecificPackage.js', 420, 438 ]
152 silly gunzTarPerm extractEntry README.md
153 silly gunzTarPerm modified mode [ 'README.md', 420, 438 ]
154 silly gentlyRm /mnt/c/Users/greenfox/Projects/ZombieJerkyMonitor/node_modules/.staging/node-bin-setup-0ef2f3ee/node_modules is being purged
155 verbose gentlyRm don't care about contents; nuking /mnt/c/Users/greenfox/Projects/ZombieJerkyMonitor/node_modules/.staging/node-bin-setup-0ef2f3ee/node_modules
156 silly gentlyRm /mnt/c/Users/greenfox/Projects/ZombieJerkyMonitor/node_modules/.staging/node-e2f3b20e/node_modules is being purged
157 verbose gentlyRm don't care about contents; nuking /mnt/c/Users/greenfox/Projects/ZombieJerkyMonitor/node_modules/.staging/node-e2f3b20e/node_modules
158 silly doParallel preinstall 2
159 silly preinstall node-bin-setup@1.0.6 /mnt/c/Users/greenfox/Projects/ZombieJerkyMonitor/node_modules/.staging/node-bin-setup-0ef2f3ee
160 info lifecycle node-bin-setup@1.0.6~preinstall: node-bin-setup@1.0.6
161 silly preinstall node@8.9.4 /mnt/c/Users/greenfox/Projects/ZombieJerkyMonitor/node_modules/.staging/node-e2f3b20e
162 info lifecycle node@8.9.4~preinstall: node@8.9.4
163 silly lifecycle node-bin-setup@1.0.6~preinstall: no script for preinstall, continuing
164 verbose lifecycle node@8.9.4~preinstall: unsafe-perm in lifecycle true
165 verbose lifecycle node@8.9.4~preinstall: PATH: /usr/share/npm/bin/node-gyp-bin:/mnt/c/Users/greenfox/Projects/ZombieJerkyMonitor/node_modules/.staging/node-e2f3b20e/node_modules/.bin:/mnt/c/Users/greenfox/Projects/ZombieJerkyMonitor/node_modules/.bin:/usr/local/sbin:/usr/local/bin:/usr/sbin:/usr/bin:/sbin:/bin:/usr/games:/usr/local/games:/mnt/c/Program Files/Git/mingw64/bin:/mnt/c/Program Files/Git/usr/bin:/mnt/c/Program Files/Git/usr/bin:/mnt/c/Program Files/Git/mingw64/bin:/mnt/c/Program Files/Git/usr/bin:/mnt/c/Program Files (x86)/Intel/iCLS Client:/mnt/c/Program Files/Intel/iCLS Client:/mnt/c/Windows/System32:/mnt/c/Windows:/mnt/c/Windows/System32/wbem:/mnt/c/Windows/System32/WindowsPowerShell/v1.0:/mnt/c/Program Files (x86)/Intel/Intel(R) Management Engine Components/DAL:/mnt/c/Program Files/Intel/Intel(R) Management Engine Components/DAL:/mnt/c/Program Files (x86)/Intel/Intel(R) Management Engine Components/IPT:/mnt/c/Program Files/Intel/Intel(R) Management Engine Components/IPT:/mnt/c/Program Files (x86)/NVIDIA Corporation/PhysX/Common:/mnt/c/Program Files/Git/cmd:/mnt/c/Program Files/nodejs:/mnt/c/Users/greenfox/AppData/Local/Microsoft/WindowsApps:/mnt/c/Program Files/Microsoft VS Code/bin:/mnt/c/Users/greenfox/AppData/Roaming/npm:/mnt/c/Program Files/Git/usr/bin/vendor_perl:/mnt/c/Program Files/Git/usr/bin/core_perl
166 verbose lifecycle node@8.9.4~preinstall: CWD: /mnt/c/Users/greenfox/Projects/ZombieJerkyMonitor/node_modules/.staging/node-e2f3b20e
167 silly lifecycle node@8.9.4~preinstall: Args: [ '-c', 'node installArchSpecificPackage' ]
168 silly lifecycle node@8.9.4~preinstall: Returned: code: 1  signal: null
169 info lifecycle node@8.9.4~preinstall: Failed to exec preinstall script
170 verbose unlock done using /home/greenfox/.npm/_locks/staging-f5af172b2e74079b.lock for /mnt/c/Users/greenfox/Projects/ZombieJerkyMonitor/node_modules/.staging
171 silly rollbackFailedOptional Starting
172 silly rollbackFailedOptional Finishing
173 silly runTopLevelLifecycles Starting
174 silly runTopLevelLifecycles Finishing
175 silly install printInstalled
176 verbose stack Error: node@8.9.4 preinstall: `node installArchSpecificPackage`
176 verbose stack Exit status 1
176 verbose stack     at EventEmitter.<anonymous> (/usr/share/npm/lib/utils/lifecycle.js:232:16)
176 verbose stack     at emitTwo (events.js:87:13)
176 verbose stack     at EventEmitter.emit (events.js:172:7)
176 verbose stack     at ChildProcess.<anonymous> (/usr/share/npm/lib/utils/spawn.js:24:14)
176 verbose stack     at emitTwo (events.js:87:13)
176 verbose stack     at ChildProcess.emit (events.js:172:7)
176 verbose stack     at maybeClose (internal/child_process.js:821:16)
176 verbose stack     at Process.ChildProcess._handle.onexit (internal/child_process.js:211:5)
177 verbose pkgid node@8.9.4
178 verbose cwd /mnt/c/Users/greenfox/Projects/ZombieJerkyMonitor
179 error Linux 4.4.0-43-Microsoft
180 error argv "/usr/bin/nodejs" "/usr/bin/npm" "i" "node@lts"
181 error node v4.2.6
182 error npm  v3.5.2
183 error code ELIFECYCLE
184 error node@8.9.4 preinstall: `node installArchSpecificPackage`
184 error Exit status 1
185 error Failed at the node@8.9.4 preinstall script 'node installArchSpecificPackage'.
185 error Make sure you have the latest version of node.js and npm installed.
185 error If you do, this is most likely a problem with the node package,
185 error not with npm itself.
185 error Tell the author that this fails on your system:
185 error     node installArchSpecificPackage
185 error You can get information on how to open an issue for this project with:
185 error     npm bugs node
185 error Or if that isn't available, you can get their info via:
185 error     npm owner ls node
185 error There is likely additional logging output above.
186 verbose exit [ 1, true ]
